Traceback (most recent call last):
  File "train.py", line 26, in <module>
    X_train, X_val, y_train, y_val = train_test_split(X, y, train_size = 0.8, random_state = 42)
NameError: name 'train_test_split' is not defined
Traceback (most recent call last):
  File "train.py", line 26, in <module>
    X_train, X_val, y_train, y_val = train_test_split(X, y, train_size = 0.8, random_state = 42)
NameError: name 'train_test_split' is not defined